<?xml version="1.0" encoding="UTF-8"?>
<!-- Generated by org.testng.reporters.JUnitReportReporter -->
<testsuite hostname="MML-DTSN-07830" failures="0" tests="3" name="testNG.DependencyClass" time="39.581" errors="0" timestamp="2022-08-12T22:14:29 EDT" skipped="0">
  <testcase classname="testNG.DependencyClass" name="openingCNBCSite" time="7.738"/>
  <system-out/>
  <testcase classname="testNG.DependencyClass" name="openingYahooSite" time="14.937"/>
  <system-out/>
  <testcase classname="testNG.DependencyClass" name="openingAmazonSite" time="16.906"/>
  <system-out/>
</testsuite> <!-- testNG.DependencyClass -->
