<?xml version="1.0" encoding="UTF-8"?>
<!-- Generated by org.testng.reporters.JUnitReportReporter -->
<testsuite hostname="MML-DTSN-07830" failures="0" tests="3" name="testNG.PriorityTest" time="27.835" errors="0" timestamp="2022-08-11T16:40:43 EDT" skipped="0">
  <testcase classname="testNG.PriorityTest" name="openingYahooSite" time="8.207"/>
  <system-out/>
  <testcase classname="testNG.PriorityTest" name="openingCNBCSite" time="7.950"/>
  <system-out/>
  <testcase classname="testNG.PriorityTest" name="openingAmazonSite" time="11.678"/>
  <system-out/>
</testsuite> <!-- testNG.PriorityTest -->
