<?xml version="1.0" encoding="UTF-8"?>
<!-- Generated by org.testng.reporters.JUnitReportReporter -->
<testsuite hostname="MML-DTSN-07830" failures="0" tests="4" name="testNG.OpenWebsites" time="43.612" errors="0" timestamp="2022-08-12T20:12:29 EDT" skipped="0">
  <testcase classname="testNG.OpenWebsites" name="openingCnbcSite" time="8.002"/>
  <system-out/>
  <testcase classname="testNG.OpenWebsites" name="openingArtfulHome" time="14.079"/>
  <system-out/>
  <testcase classname="testNG.OpenWebsites" name="openingYahooSite" time="11.454"/>
  <system-out/>
  <testcase classname="testNG.OpenWebsites" name="openingAmazonSite" time="10.077"/>
  <system-out/>
</testsuite> <!-- testNG.OpenWebsites -->
