<?xml version="1.0" encoding="UTF-8"?>
<!-- Generated by org.testng.reporters.JUnitReportReporter -->
<testsuite hostname="MML-DTSN-07830" failures="0" tests="2" name="testNG.AssertAfterLogin" time="11.644" errors="0" timestamp="2022-08-12T14:29:20 EDT" skipped="0">
  <testcase classname="testNG.AssertAfterLogin" name="assertHomePage" time="2.152"/>
  <system-out/>
  <testcase classname="testNG.AssertAfterLogin" name="performLogin" time="9.492"/>
  <system-out/>
</testsuite> <!-- testNG.AssertAfterLogin -->
